<?xml version="1.0" encoding="UTF-8"?>
<!-- Generated by org.testng.reporters.JUnitReportReporter -->
<testsuite skipped="0" hostname="LAPTOP-AOMQI711" name="com.api.tests.TestOne" tests="1" failures="0" timestamp="2020-09-04T16:24:15 EDT" time="3.119" errors="0">
  <testcase name="getClients" time="3.119" classname="com.api.tests.TestOne"/>
  <system-out/>
</testsuite> <!-- com.api.tests.TestOne -->
